[2017-11-27 00:28:54] local.ERROR: exception 'PDOException' with message 'SQLSTATE[42S02]: Base table or view not found: 1146 Table 'appmarket-1-3.configurations' doesn't exist' in /Users/webmaster/Desktop/AnthonyOrganizeFiles/I Myself/ValetDevBox/appmarket-1-3/vendor/laravel/framework/src/Illuminate/Database/Connection.php:333
Stack trace:
#0 /Users/webmaster/Desktop/AnthonyOrganizeFiles/I Myself/ValetDevBox/appmarket-1-3/vendor/laravel/framework/src/Illuminate/Database/Connection.php(333): PDO->prepare('select `key`, `...')
#1 /Users/webmaster/Desktop/AnthonyOrganizeFiles/I Myself/ValetDevBox/appmarket-1-3/vendor/laravel/framework/src/Illuminate/Database/Connection.php(722): Illuminate\Database\Connection->Illuminate\Database\{closure}(Object(Illuminate\Database\MySqlConnection), 'select `key`, `...', Array)
#2 /Users/webmaster/Desktop/AnthonyOrganizeFiles/I Myself/ValetDevBox/appmarket-1-3/vendor/laravel/framework/src/Illuminate/Database/Connection.php(685): Illuminate\Database\Connection->runQueryCallback('select `key`, `...', Array, Object(Closure))
#3 /Users/webmaster/Desktop/AnthonyOrganizeFiles/I Myself/ValetDevBox/appmarket-1-3/vendor/laravel/framework/src/Illuminate/Database/Connection.php(349): Illuminate\Database\Connection->run('select `key`, `...', Array, Object(Closure))
#4 /Users/webmaster/Desktop/AnthonyOrganizeFiles/I Myself/ValetDevBox/appmarket-1-3/vendor/laravel/framework/src/Illuminate/Database/Query/Builder.php(1610): Illuminate\Database\Connection->select('select `key`, `...', Array, true)
#5 /Users/webmaster/Desktop/AnthonyOrganizeFiles/I Myself/ValetDevBox/appmarket-1-3/vendor/laravel/framework/src/Illuminate/Database/Query/Builder.php(1596): Illuminate\Database\Query\Builder->runSelect()
#6 /Users/webmaster/Desktop/AnthonyOrganizeFiles/I Myself/ValetDevBox/appmarket-1-3/vendor/laravel/framework/src/Illuminate/Database/Eloquent/Builder.php(625): Illuminate\Database\Query\Builder->get(Array)
#7 /Users/webmaster/Desktop/AnthonyOrganizeFiles/I Myself/ValetDevBox/appmarket-1-3/vendor/laravel/framework/src/Illuminate/Database/Eloquent/Builder.php(316): Illuminate\Database\Eloquent\Builder->getModels(Array)
#8 /Users/webmaster/Desktop/AnthonyOrganizeFiles/I Myself/ValetDevBox/appmarket-1-3/vendor/laravel/framework/src/Illuminate/Database/Eloquent/Model.php(649): Illuminate\Database\Eloquent\Builder->get(Array)
#9 /Users/webmaster/Desktop/AnthonyOrganizeFiles/I Myself/ValetDevBox/appmarket-1-3/vendor/prettus/l5-repository/src/Prettus/Repository/Eloquent/BaseRepository.php(327): Illuminate\Database\Eloquent\Model::all(Array)
#10 /Users/webmaster/Desktop/AnthonyOrganizeFiles/I Myself/ValetDevBox/appmarket-1-3/src/Lib/Helpers/function.php(241): Prettus\Repository\Eloquent\BaseRepository->all(Array)
#11 /Users/webmaster/Desktop/AnthonyOrganizeFiles/I Myself/ValetDevBox/appmarket-1-3/vendor/laravel/framework/src/Illuminate/Cache/Repository.php(292): {closure}()
#12 [internal function]: Illuminate\Cache\Repository->remember('site_configurat...', 60, Object(Closure))
#13 /Users/webmaster/Desktop/AnthonyOrganizeFiles/I Myself/ValetDevBox/appmarket-1-3/vendor/laravel/framework/src/Illuminate/Cache/CacheManager.php(296): call_user_func_array(Array, Array)
#14 /Users/webmaster/Desktop/AnthonyOrganizeFiles/I Myself/ValetDevBox/appmarket-1-3/vendor/laravel/framework/src/Illuminate/Support/Facades/Facade.php(221): Illuminate\Cache\CacheManager->__call('remember', Array)
#15 /Users/webmaster/Desktop/AnthonyOrganizeFiles/I Myself/ValetDevBox/appmarket-1-3/vendor/laravel/framework/src/Illuminate/Support/Facades/Facade.php(221): Illuminate\Cache\CacheManager->remember('site_configurat...', 60, Object(Closure))
#16 /Users/webmaster/Desktop/AnthonyOrganizeFiles/I Myself/ValetDevBox/appmarket-1-3/src/Lib/Helpers/function.php(246): Illuminate\Support\Facades\Facade::__callStatic('remember', Array)
#17 /Users/webmaster/Desktop/AnthonyOrganizeFiles/I Myself/ValetDevBox/appmarket-1-3/src/Lib/Helpers/function.php(246): Illuminate\Support\Facades\Cache::remember('site_configurat...', 60, Object(Closure))
#18 /Users/webmaster/Desktop/AnthonyOrganizeFiles/I Myself/ValetDevBox/appmarket-1-3/app/Providers/AppServiceProvider.php(17): systemConfig()
#19 [internal function]: App\Providers\AppServiceProvider->boot()
#20 /Users/webmaster/Desktop/AnthonyOrganizeFiles/I Myself/ValetDevBox/appmarket-1-3/vendor/laravel/framework/src/Illuminate/Container/Container.php(507): call_user_func_array(Array, Array)
#21 /Users/webmaster/Desktop/AnthonyOrganizeFiles/I Myself/ValetDevBox/appmarket-1-3/vendor/laravel/framework/src/Illuminate/Foundation/Application.php(757): Illuminate\Container\Container->call(Array)
#22 /Users/webmaster/Desktop/AnthonyOrganizeFiles/I Myself/ValetDevBox/appmarket-1-3/vendor/laravel/framework/src/Illuminate/Foundation/Application.php(740): Illuminate\Foundation\Application->bootProvider(Object(App\Providers\AppServiceProvider))
#23 [internal function]: Illuminate\Foundation\Application->Illuminate\Foundation\{closure}(Object(App\Providers\AppServiceProvider), 11)
#24 /Users/webmaster/Desktop/AnthonyOrganizeFiles/I Myself/ValetDevBox/appmarket-1-3/vendor/laravel/framework/src/Illuminate/Foundation/Application.php(741): array_walk(Array, Object(Closure))
#25 /Users/webmaster/Desktop/AnthonyOrganizeFiles/I Myself/ValetDevBox/appmarket-1-3/vendor/laravel/framework/src/Illuminate/Foundation/Bootstrap/BootProviders.php(17): Illuminate\Foundation\Application->boot()
#26 /Users/webmaster/Desktop/AnthonyOrganizeFiles/I Myself/ValetDevBox/appmarket-1-3/vendor/laravel/framework/src/Illuminate/Foundation/Application.php(203): Illuminate\Foundation\Bootstrap\BootProviders->bootstrap(Object(Illuminate\Foundation\Application))
#27 /Users/webmaster/Desktop/AnthonyOrganizeFiles/I Myself/ValetDevBox/appmarket-1-3/vendor/laravel/framework/src/Illuminate/Foundation/Http/Kernel.php(232): Illuminate\Foundation\Application->bootstrapWith(Array)
#28 /Users/webmaster/Desktop/AnthonyOrganizeFiles/I Myself/ValetDevBox/appmarket-1-3/vendor/laravel/framework/src/Illuminate/Foundation/Http/Kernel.php(127): Illuminate\Foundation\Http\Kernel->bootstrap()
#29 /Users/webmaster/Desktop/AnthonyOrganizeFiles/I Myself/ValetDevBox/appmarket-1-3/vendor/laravel/framework/src/Illuminate/Foundation/Http/Kernel.php(99): Illuminate\Foundation\Http\Kernel->sendRequestThroughRouter(Object(Illuminate\Http\Request))
#30 /Users/webmaster/Desktop/AnthonyOrganizeFiles/I Myself/ValetDevBox/appmarket-1-3/public/index.php(54): Illuminate\Foundation\Http\Kernel->handle(Object(Illuminate\Http\Request))
#31 /Users/webmaster/.composer/vendor/laravel/valet/server.php(133): require('/Users/webmaste...')
#32 {main}

Next exception 'Illuminate\Database\QueryException' with message 'SQLSTATE[42S02]: Base table or view not found: 1146 Table 'appmarket-1-3.configurations' doesn't exist (SQL: select `key`, `value` from `configurations`)' in /Users/webmaster/Desktop/AnthonyOrganizeFiles/I Myself/ValetDevBox/appmarket-1-3/vendor/laravel/framework/src/Illuminate/Database/Connection.php:729
Stack trace:
#0 /Users/webmaster/Desktop/AnthonyOrganizeFiles/I Myself/ValetDevBox/appmarket-1-3/vendor/laravel/framework/src/Illuminate/Database/Connection.php(685): Illuminate\Database\Connection->runQueryCallback('select `key`, `...', Array, Object(Closure))
#1 /Users/webmaster/Desktop/AnthonyOrganizeFiles/I Myself/ValetDevBox/appmarket-1-3/vendor/laravel/framework/src/Illuminate/Database/Connection.php(349): Illuminate\Database\Connection->run('select `key`, `...', Array, Object(Closure))
#2 /Users/webmaster/Desktop/AnthonyOrganizeFiles/I Myself/ValetDevBox/appmarket-1-3/vendor/laravel/framework/src/Illuminate/Database/Query/Builder.php(1610): Illuminate\Database\Connection->select('select `key`, `...', Array, true)
#3 /Users/webmaster/Desktop/AnthonyOrganizeFiles/I Myself/ValetDevBox/appmarket-1-3/vendor/laravel/framework/src/Illuminate/Database/Query/Builder.php(1596): Illuminate\Database\Query\Builder->runSelect()
#4 /Users/webmaster/Desktop/AnthonyOrganizeFiles/I Myself/ValetDevBox/appmarket-1-3/vendor/laravel/framework/src/Illuminate/Database/Eloquent/Builder.php(625): Illuminate\Database\Query\Builder->get(Array)
#5 /Users/webmaster/Desktop/AnthonyOrganizeFiles/I Myself/ValetDevBox/appmarket-1-3/vendor/laravel/framework/src/Illuminate/Database/Eloquent/Builder.php(316): Illuminate\Database\Eloquent\Builder->getModels(Array)
#6 /Users/webmaster/Desktop/AnthonyOrganizeFiles/I Myself/ValetDevBox/appmarket-1-3/vendor/laravel/framework/src/Illuminate/Database/Eloquent/Model.php(649): Illuminate\Database\Eloquent\Builder->get(Array)
#7 /Users/webmaster/Desktop/AnthonyOrganizeFiles/I Myself/ValetDevBox/appmarket-1-3/vendor/prettus/l5-repository/src/Prettus/Repository/Eloquent/BaseRepository.php(327): Illuminate\Database\Eloquent\Model::all(Array)
#8 /Users/webmaster/Desktop/AnthonyOrganizeFiles/I Myself/ValetDevBox/appmarket-1-3/src/Lib/Helpers/function.php(241): Prettus\Repository\Eloquent\BaseRepository->all(Array)
#9 /Users/webmaster/Desktop/AnthonyOrganizeFiles/I Myself/ValetDevBox/appmarket-1-3/vendor/laravel/framework/src/Illuminate/Cache/Repository.php(292): {closure}()
#10 [internal function]: Illuminate\Cache\Repository->remember('site_configurat...', 60, Object(Closure))
#11 /Users/webmaster/Desktop/AnthonyOrganizeFiles/I Myself/ValetDevBox/appmarket-1-3/vendor/laravel/framework/src/Illuminate/Cache/CacheManager.php(296): call_user_func_array(Array, Array)
#12 /Users/webmaster/Desktop/AnthonyOrganizeFiles/I Myself/ValetDevBox/appmarket-1-3/vendor/laravel/framework/src/Illuminate/Support/Facades/Facade.php(221): Illuminate\Cache\CacheManager->__call('remember', Array)
#13 /Users/webmaster/Desktop/AnthonyOrganizeFiles/I Myself/ValetDevBox/appmarket-1-3/vendor/laravel/framework/src/Illuminate/Support/Facades/Facade.php(221): Illuminate\Cache\CacheManager->remember('site_configurat...', 60, Object(Closure))
#14 /Users/webmaster/Desktop/AnthonyOrganizeFiles/I Myself/ValetDevBox/appmarket-1-3/src/Lib/Helpers/function.php(246): Illuminate\Support\Facades\Facade::__callStatic('remember', Array)
#15 /Users/webmaster/Desktop/AnthonyOrganizeFiles/I Myself/ValetDevBox/appmarket-1-3/src/Lib/Helpers/function.php(246): Illuminate\Support\Facades\Cache::remember('site_configurat...', 60, Object(Closure))
#16 /Users/webmaster/Desktop/AnthonyOrganizeFiles/I Myself/ValetDevBox/appmarket-1-3/app/Providers/AppServiceProvider.php(17): systemConfig()
#17 [internal function]: App\Providers\AppServiceProvider->boot()
#18 /Users/webmaster/Desktop/AnthonyOrganizeFiles/I Myself/ValetDevBox/appmarket-1-3/vendor/laravel/framework/src/Illuminate/Container/Container.php(507): call_user_func_array(Array, Array)
#19 /Users/webmaster/Desktop/AnthonyOrganizeFiles/I Myself/ValetDevBox/appmarket-1-3/vendor/laravel/framework/src/Illuminate/Foundation/Application.php(757): Illuminate\Container\Container->call(Array)
#20 /Users/webmaster/Desktop/AnthonyOrganizeFiles/I Myself/ValetDevBox/appmarket-1-3/vendor/laravel/framework/src/Illuminate/Foundation/Application.php(740): Illuminate\Foundation\Application->bootProvider(Object(App\Providers\AppServiceProvider))
#21 [internal function]: Illuminate\Foundation\Application->Illuminate\Foundation\{closure}(Object(App\Providers\AppServiceProvider), 11)
#22 /Users/webmaster/Desktop/AnthonyOrganizeFiles/I Myself/ValetDevBox/appmarket-1-3/vendor/laravel/framework/src/Illuminate/Foundation/Application.php(741): array_walk(Array, Object(Closure))
#23 /Users/webmaster/Desktop/AnthonyOrganizeFiles/I Myself/ValetDevBox/appmarket-1-3/vendor/laravel/framework/src/Illuminate/Foundation/Bootstrap/BootProviders.php(17): Illuminate\Foundation\Application->boot()
#24 /Users/webmaster/Desktop/AnthonyOrganizeFiles/I Myself/ValetDevBox/appmarket-1-3/vendor/laravel/framework/src/Illuminate/Foundation/Application.php(203): Illuminate\Foundation\Bootstrap\BootProviders->bootstrap(Object(Illuminate\Foundation\Application))
#25 /Users/webmaster/Desktop/AnthonyOrganizeFiles/I Myself/ValetDevBox/appmarket-1-3/vendor/laravel/framework/src/Illuminate/Foundation/Http/Kernel.php(232): Illuminate\Foundation\Application->bootstrapWith(Array)
#26 /Users/webmaster/Desktop/AnthonyOrganizeFiles/I Myself/ValetDevBox/appmarket-1-3/vendor/laravel/framework/src/Illuminate/Foundation/Http/Kernel.php(127): Illuminate\Foundation\Http\Kernel->bootstrap()
#27 /Users/webmaster/Desktop/AnthonyOrganizeFiles/I Myself/ValetDevBox/appmarket-1-3/vendor/laravel/framework/src/Illuminate/Foundation/Http/Kernel.php(99): Illuminate\Foundation\Http\Kernel->sendRequestThroughRouter(Object(Illuminate\Http\Request))
#28 /Users/webmaster/Desktop/AnthonyOrganizeFiles/I Myself/ValetDevBox/appmarket-1-3/public/index.php(54): Illuminate\Foundation\Http\Kernel->handle(Object(Illuminate\Http\Request))
#29 /Users/webmaster/.composer/vendor/laravel/valet/server.php(133): require('/Users/webmaste...')
#30 {main}  
[2017-11-27 00:28:55] local.ERROR: exception 'PDOException' with message 'SQLSTATE[42S02]: Base table or view not found: 1146 Table 'appmarket-1-3.configurations' doesn't exist' in /Users/webmaster/Desktop/AnthonyOrganizeFiles/I Myself/ValetDevBox/appmarket-1-3/vendor/laravel/framework/src/Illuminate/Database/Connection.php:333
Stack trace:
#0 /Users/webmaster/Desktop/AnthonyOrganizeFiles/I Myself/ValetDevBox/appmarket-1-3/vendor/laravel/framework/src/Illuminate/Database/Connection.php(333): PDO->prepare('select `key`, `...')
#1 /Users/webmaster/Desktop/AnthonyOrganizeFiles/I Myself/ValetDevBox/appmarket-1-3/vendor/laravel/framework/src/Illuminate/Database/Connection.php(722): Illuminate\Database\Connection->Illuminate\Database\{closure}(Object(Illuminate\Database\MySqlConnection), 'select `key`, `...', Array)
#2 /Users/webmaster/Desktop/AnthonyOrganizeFiles/I Myself/ValetDevBox/appmarket-1-3/vendor/laravel/framework/src/Illuminate/Database/Connection.php(685): Illuminate\Database\Connection->runQueryCallback('select `key`, `...', Array, Object(Closure))
#3 /Users/webmaster/Desktop/AnthonyOrganizeFiles/I Myself/ValetDevBox/appmarket-1-3/vendor/laravel/framework/src/Illuminate/Database/Connection.php(349): Illuminate\Database\Connection->run('select `key`, `...', Array, Object(Closure))
#4 /Users/webmaster/Desktop/AnthonyOrganizeFiles/I Myself/ValetDevBox/appmarket-1-3/vendor/laravel/framework/src/Illuminate/Database/Query/Builder.php(1610): Illuminate\Database\Connection->select('select `key`, `...', Array, true)
#5 /Users/webmaster/Desktop/AnthonyOrganizeFiles/I Myself/ValetDevBox/appmarket-1-3/vendor/laravel/framework/src/Illuminate/Database/Query/Builder.php(1596): Illuminate\Database\Query\Builder->runSelect()
#6 /Users/webmaster/Desktop/AnthonyOrganizeFiles/I Myself/ValetDevBox/appmarket-1-3/vendor/laravel/framework/src/Illuminate/Database/Eloquent/Builder.php(625): Illuminate\Database\Query\Builder->get(Array)
#7 /Users/webmaster/Desktop/AnthonyOrganizeFiles/I Myself/ValetDevBox/appmarket-1-3/vendor/laravel/framework/src/Illuminate/Database/Eloquent/Builder.php(316): Illuminate\Database\Eloquent\Builder->getModels(Array)
#8 /Users/webmaster/Desktop/AnthonyOrganizeFiles/I Myself/ValetDevBox/appmarket-1-3/vendor/laravel/framework/src/Illuminate/Database/Eloquent/Model.php(649): Illuminate\Database\Eloquent\Builder->get(Array)
#9 /Users/webmaster/Desktop/AnthonyOrganizeFiles/I Myself/ValetDevBox/appmarket-1-3/vendor/prettus/l5-repository/src/Prettus/Repository/Eloquent/BaseRepository.php(327): Illuminate\Database\Eloquent\Model::all(Array)
#10 /Users/webmaster/Desktop/AnthonyOrganizeFiles/I Myself/ValetDevBox/appmarket-1-3/src/Lib/Helpers/function.php(241): Prettus\Repository\Eloquent\BaseRepository->all(Array)
#11 /Users/webmaster/Desktop/AnthonyOrganizeFiles/I Myself/ValetDevBox/appmarket-1-3/vendor/laravel/framework/src/Illuminate/Cache/Repository.php(292): {closure}()
#12 [internal function]: Illuminate\Cache\Repository->remember('site_configurat...', 60, Object(Closure))
#13 /Users/webmaster/Desktop/AnthonyOrganizeFiles/I Myself/ValetDevBox/appmarket-1-3/vendor/laravel/framework/src/Illuminate/Cache/CacheManager.php(296): call_user_func_array(Array, Array)
#14 /Users/webmaster/Desktop/AnthonyOrganizeFiles/I Myself/ValetDevBox/appmarket-1-3/vendor/laravel/framework/src/Illuminate/Support/Facades/Facade.php(221): Illuminate\Cache\CacheManager->__call('remember', Array)
#15 /Users/webmaster/Desktop/AnthonyOrganizeFiles/I Myself/ValetDevBox/appmarket-1-3/vendor/laravel/framework/src/Illuminate/Support/Facades/Facade.php(221): Illuminate\Cache\CacheManager->remember('site_configurat...', 60, Object(Closure))
#16 /Users/webmaster/Desktop/AnthonyOrganizeFiles/I Myself/ValetDevBox/appmarket-1-3/src/Lib/Helpers/function.php(246): Illuminate\Support\Facades\Facade::__callStatic('remember', Array)
#17 /Users/webmaster/Desktop/AnthonyOrganizeFiles/I Myself/ValetDevBox/appmarket-1-3/src/Lib/Helpers/function.php(246): Illuminate\Support\Facades\Cache::remember('site_configurat...', 60, Object(Closure))
#18 /Users/webmaster/Desktop/AnthonyOrganizeFiles/I Myself/ValetDevBox/appmarket-1-3/app/Providers/AppServiceProvider.php(17): systemConfig()
#19 [internal function]: App\Providers\AppServiceProvider->boot()
#20 /Users/webmaster/Desktop/AnthonyOrganizeFiles/I Myself/ValetDevBox/appmarket-1-3/vendor/laravel/framework/src/Illuminate/Container/Container.php(507): call_user_func_array(Array, Array)
#21 /Users/webmaster/Desktop/AnthonyOrganizeFiles/I Myself/ValetDevBox/appmarket-1-3/vendor/laravel/framework/src/Illuminate/Foundation/Application.php(757): Illuminate\Container\Container->call(Array)
#22 /Users/webmaster/Desktop/AnthonyOrganizeFiles/I Myself/ValetDevBox/appmarket-1-3/vendor/laravel/framework/src/Illuminate/Foundation/Application.php(740): Illuminate\Foundation\Application->bootProvider(Object(App\Providers\AppServiceProvider))
#23 [internal function]: Illuminate\Foundation\Application->Illuminate\Foundation\{closure}(Object(App\Providers\AppServiceProvider), 11)
#24 /Users/webmaster/Desktop/AnthonyOrganizeFiles/I Myself/ValetDevBox/appmarket-1-3/vendor/laravel/framework/src/Illuminate/Foundation/Application.php(741): array_walk(Array, Object(Closure))
#25 /Users/webmaster/Desktop/AnthonyOrganizeFiles/I Myself/ValetDevBox/appmarket-1-3/vendor/laravel/framework/src/Illuminate/Foundation/Bootstrap/BootProviders.php(17): Illuminate\Foundation\Application->boot()
#26 /Users/webmaster/Desktop/AnthonyOrganizeFiles/I Myself/ValetDevBox/appmarket-1-3/vendor/laravel/framework/src/Illuminate/Foundation/Application.php(203): Illuminate\Foundation\Bootstrap\BootProviders->bootstrap(Object(Illuminate\Foundation\Application))
#27 /Users/webmaster/Desktop/AnthonyOrganizeFiles/I Myself/ValetDevBox/appmarket-1-3/vendor/laravel/framework/src/Illuminate/Foundation/Http/Kernel.php(232): Illuminate\Foundation\Application->bootstrapWith(Array)
#28 /Users/webmaster/Desktop/AnthonyOrganizeFiles/I Myself/ValetDevBox/appmarket-1-3/vendor/laravel/framework/src/Illuminate/Foundation/Http/Kernel.php(127): Illuminate\Foundation\Http\Kernel->bootstrap()
#29 /Users/webmaster/Desktop/AnthonyOrganizeFiles/I Myself/ValetDevBox/appmarket-1-3/vendor/laravel/framework/src/Illuminate/Foundation/Http/Kernel.php(99): Illuminate\Foundation\Http\Kernel->sendRequestThroughRouter(Object(Illuminate\Http\Request))
#30 /Users/webmaster/Desktop/AnthonyOrganizeFiles/I Myself/ValetDevBox/appmarket-1-3/public/index.php(54): Illuminate\Foundation\Http\Kernel->handle(Object(Illuminate\Http\Request))
#31 /Users/webmaster/.composer/vendor/laravel/valet/server.php(133): require('/Users/webmaste...')
#32 {main}

Next exception 'Illuminate\Database\QueryException' with message 'SQLSTATE[42S02]: Base table or view not found: 1146 Table 'appmarket-1-3.configurations' doesn't exist (SQL: select `key`, `value` from `configurations`)' in /Users/webmaster/Desktop/AnthonyOrganizeFiles/I Myself/ValetDevBox/appmarket-1-3/vendor/laravel/framework/src/Illuminate/Database/Connection.php:729
Stack trace:
#0 /Users/webmaster/Desktop/AnthonyOrganizeFiles/I Myself/ValetDevBox/appmarket-1-3/vendor/laravel/framework/src/Illuminate/Database/Connection.php(685): Illuminate\Database\Connection->runQueryCallback('select `key`, `...', Array, Object(Closure))
#1 /Users/webmaster/Desktop/AnthonyOrganizeFiles/I Myself/ValetDevBox/appmarket-1-3/vendor/laravel/framework/src/Illuminate/Database/Connection.php(349): Illuminate\Database\Connection->run('select `key`, `...', Array, Object(Closure))
#2 /Users/webmaster/Desktop/AnthonyOrganizeFiles/I Myself/ValetDevBox/appmarket-1-3/vendor/laravel/framework/src/Illuminate/Database/Query/Builder.php(1610): Illuminate\Database\Connection->select('select `key`, `...', Array, true)
#3 /Users/webmaster/Desktop/AnthonyOrganizeFiles/I Myself/ValetDevBox/appmarket-1-3/vendor/laravel/framework/src/Illuminate/Database/Query/Builder.php(1596): Illuminate\Database\Query\Builder->runSelect()
#4 /Users/webmaster/Desktop/AnthonyOrganizeFiles/I Myself/ValetDevBox/appmarket-1-3/vendor/laravel/framework/src/Illuminate/Database/Eloquent/Builder.php(625): Illuminate\Database\Query\Builder->get(Array)
#5 /Users/webmaster/Desktop/AnthonyOrganizeFiles/I Myself/ValetDevBox/appmarket-1-3/vendor/laravel/framework/src/Illuminate/Database/Eloquent/Builder.php(316): Illuminate\Database\Eloquent\Builder->getModels(Array)
#6 /Users/webmaster/Desktop/AnthonyOrganizeFiles/I Myself/ValetDevBox/appmarket-1-3/vendor/laravel/framework/src/Illuminate/Database/Eloquent/Model.php(649): Illuminate\Database\Eloquent\Builder->get(Array)
#7 /Users/webmaster/Desktop/AnthonyOrganizeFiles/I Myself/ValetDevBox/appmarket-1-3/vendor/prettus/l5-repository/src/Prettus/Repository/Eloquent/BaseRepository.php(327): Illuminate\Database\Eloquent\Model::all(Array)
#8 /Users/webmaster/Desktop/AnthonyOrganizeFiles/I Myself/ValetDevBox/appmarket-1-3/src/Lib/Helpers/function.php(241): Prettus\Repository\Eloquent\BaseRepository->all(Array)
#9 /Users/webmaster/Desktop/AnthonyOrganizeFiles/I Myself/ValetDevBox/appmarket-1-3/vendor/laravel/framework/src/Illuminate/Cache/Repository.php(292): {closure}()
#10 [internal function]: Illuminate\Cache\Repository->remember('site_configurat...', 60, Object(Closure))
#11 /Users/webmaster/Desktop/AnthonyOrganizeFiles/I Myself/ValetDevBox/appmarket-1-3/vendor/laravel/framework/src/Illuminate/Cache/CacheManager.php(296): call_user_func_array(Array, Array)
#12 /Users/webmaster/Desktop/AnthonyOrganizeFiles/I Myself/ValetDevBox/appmarket-1-3/vendor/laravel/framework/src/Illuminate/Support/Facades/Facade.php(221): Illuminate\Cache\CacheManager->__call('remember', Array)
#13 /Users/webmaster/Desktop/AnthonyOrganizeFiles/I Myself/ValetDevBox/appmarket-1-3/vendor/laravel/framework/src/Illuminate/Support/Facades/Facade.php(221): Illuminate\Cache\CacheManager->remember('site_configurat...', 60, Object(Closure))
#14 /Users/webmaster/Desktop/AnthonyOrganizeFiles/I Myself/ValetDevBox/appmarket-1-3/src/Lib/Helpers/function.php(246): Illuminate\Support\Facades\Facade::__callStatic('remember', Array)
#15 /Users/webmaster/Desktop/AnthonyOrganizeFiles/I Myself/ValetDevBox/appmarket-1-3/src/Lib/Helpers/function.php(246): Illuminate\Support\Facades\Cache::remember('site_configurat...', 60, Object(Closure))
#16 /Users/webmaster/Desktop/AnthonyOrganizeFiles/I Myself/ValetDevBox/appmarket-1-3/app/Providers/AppServiceProvider.php(17): systemConfig()
#17 [internal function]: App\Providers\AppServiceProvider->boot()
#18 /Users/webmaster/Desktop/AnthonyOrganizeFiles/I Myself/ValetDevBox/appmarket-1-3/vendor/laravel/framework/src/Illuminate/Container/Container.php(507): call_user_func_array(Array, Array)
#19 /Users/webmaster/Desktop/AnthonyOrganizeFiles/I Myself/ValetDevBox/appmarket-1-3/vendor/laravel/framework/src/Illuminate/Foundation/Application.php(757): Illuminate\Container\Container->call(Array)
#20 /Users/webmaster/Desktop/AnthonyOrganizeFiles/I Myself/ValetDevBox/appmarket-1-3/vendor/laravel/framework/src/Illuminate/Foundation/Application.php(740): Illuminate\Foundation\Application->bootProvider(Object(App\Providers\AppServiceProvider))
#21 [internal function]: Illuminate\Foundation\Application->Illuminate\Foundation\{closure}(Object(App\Providers\AppServiceProvider), 11)
#22 /Users/webmaster/Desktop/AnthonyOrganizeFiles/I Myself/ValetDevBox/appmarket-1-3/vendor/laravel/framework/src/Illuminate/Foundation/Application.php(741): array_walk(Array, Object(Closure))
#23 /Users/webmaster/Desktop/AnthonyOrganizeFiles/I Myself/ValetDevBox/appmarket-1-3/vendor/laravel/framework/src/Illuminate/Foundation/Bootstrap/BootProviders.php(17): Illuminate\Foundation\Application->boot()
#24 /Users/webmaster/Desktop/AnthonyOrganizeFiles/I Myself/ValetDevBox/appmarket-1-3/vendor/laravel/framework/src/Illuminate/Foundation/Application.php(203): Illuminate\Foundation\Bootstrap\BootProviders->bootstrap(Object(Illuminate\Foundation\Application))
#25 /Users/webmaster/Desktop/AnthonyOrganizeFiles/I Myself/ValetDevBox/appmarket-1-3/vendor/laravel/framework/src/Illuminate/Foundation/Http/Kernel.php(232): Illuminate\Foundation\Application->bootstrapWith(Array)
#26 /Users/webmaster/Desktop/AnthonyOrganizeFiles/I Myself/ValetDevBox/appmarket-1-3/vendor/laravel/framework/src/Illuminate/Foundation/Http/Kernel.php(127): Illuminate\Foundation\Http\Kernel->bootstrap()
#27 /Users/webmaster/Desktop/AnthonyOrganizeFiles/I Myself/ValetDevBox/appmarket-1-3/vendor/laravel/framework/src/Illuminate/Foundation/Http/Kernel.php(99): Illuminate\Foundation\Http\Kernel->sendRequestThroughRouter(Object(Illuminate\Http\Request))
#28 /Users/webmaster/Desktop/AnthonyOrganizeFiles/I Myself/ValetDevBox/appmarket-1-3/public/index.php(54): Illuminate\Foundation\Http\Kernel->handle(Object(Illuminate\Http\Request))
#29 /Users/webmaster/.composer/vendor/laravel/valet/server.php(133): require('/Users/webmaste...')
#30 {main}  
